<?xml version="1.0" encoding="UTF-8"?>
<!-- Generated by org.testng.reporters.JUnitXMLReporter -->
<testsuite ignored="7" hostname="Lenovo" failures="0" tests="1" name="Default test" time="6.042" errors="0" timestamp="2024-10-02T10:11:27 IST">
  <testcase classname="rest.apis.UserServiceTest" name="deleteUserWithDELETE" time="5.969"/>
  <testcase classname="rest.apis.UserServiceTest" name="getListOfUsersWithPathParametersWithGET" time="0.0">
    <ignored/>
  </testcase> <!-- getListOfUsersWithPathParametersWithGET -->
  <testcase classname="rest.apis.UserServiceTest" name="getListOfUsersWithQueryParametersWithGET" time="0.0">
    <ignored/>
  </testcase> <!-- getListOfUsersWithQueryParametersWithGET -->
  <testcase classname="rest.apis.UserServiceTest" name="getLisOfUsersWithGET" time="0.0">
    <ignored/>
  </testcase> <!-- getLisOfUsersWithGET -->
  <testcase classname="rest.apis.UserServiceTest" name="updateUserWithPATCH" time="0.0">
    <ignored/>
  </testcase> <!-- updateUserWithPATCH -->
  <testcase classname="rest.apis.UserServiceTest" name="getListOfUsersWithGET" time="0.0">
    <ignored/>
  </testcase> <!-- getListOfUsersWithGET -->
  <testcase classname="rest.apis.UserServiceTest" name="updateUserWithPUT" time="0.0">
    <ignored/>
  </testcase> <!-- updateUserWithPUT -->
  <testcase classname="rest.apis.UserServiceTest" name="createUserWithPOST" time="0.0">
    <ignored/>
  </testcase> <!-- createUserWithPOST -->
</testsuite> <!-- Default test -->
