<?xml version="1.0" encoding="UTF-8"?>
<testng-results ignored="7" total="8" passed="1" failed="0" skipped="0">
  <reporter-output>
  </reporter-output>
  <suite started-at="2024-10-02T10:11:21 IST" name="Default suite" finished-at="2024-10-02T10:11:27 IST" duration-ms="6042">
    <groups>
    </groups>
    <test started-at="2024-10-02T10:11:21 IST" name="Default test" finished-at="2024-10-02T10:11:27 IST" duration-ms="6042">
      <class name="rest.apis.UserServiceTest">
        <test-method signature="deleteUserWithDELETE()[pri:0, instance:rest.apis.UserServiceTest@5ba3f27a]" started-at="2024-10-02T10:11:21 IST" name="deleteUserWithDELETE" finished-at="2024-10-02T10:11:27 IST" duration-ms="5969" status="PASS">
          <reporter-output>
          </reporter-output>
        </test-method> <!-- deleteUserWithDELETE -->
      </class> <!-- rest.apis.UserServiceTest -->
    </test> <!-- Default test -->
  </suite> <!-- Default suite -->
</testng-results>
